Jacobi
k&rk&xk[1]&xk[2]&xk[3]\\
0&1.200&0.000&0.000&0.000\\
1&0.787&0.273&1.200&-0.368\\
2&0.393&-0.122&1.033&0.418\\
3&0.268&0.067&1.427&0.272\\
4&0.134&-0.067&1.376&0.540\\
5&0.091&-0.005&1.510&0.494\\
6&0.046&-0.049&1.495&0.585\\
7&0.031&-0.029&1.541&0.571\\
8&0.016&-0.044&1.537&0.602\\
9&0.011&-0.037&1.552&0.598\\
10&0.005&-0.042&1.551&0.608\\
11&0.004&-0.040&1.556&0.607\\
12&0.002&-0.041&1.556&0.610\\
13&0.001&-0.041&1.558&0.610\\
14&0.001&-0.041&1.558&0.611\\
15&0.000&-0.041&1.559&0.611\\
16&0.000&-0.041&1.558&0.612\\
17&0.000&-0.041&1.559&0.612\\
18&0.000&-0.041&1.559&0.612\\
19&0.000&-0.041&1.559&0.612\\
20&0.000&-0.041&1.559&0.612\\
21&0.000&-0.041&1.559&0.612\\
22&0.000&-0.041&1.559&0.612\\
22&0.000&-0.041&1.559&0.612\\
rho(B): 0.594;convergence velocity:0.520
GaussSeidel
k&rk&xk[1]&xk[2]&xk[3]\\
0&1.255&0.000&0.000&0.000\\
1&0.220&0.273&1.255&0.453\\
2&0.059&0.013&1.474&0.564\\
3&0.018&-0.027&1.533&0.597\\
4&0.006&-0.037&1.551&0.607\\
5&0.002&-0.040&1.556&0.610\\
6&0.001&-0.041&1.558&0.611\\
7&0.000&-0.041&1.559&0.612\\
8&0.000&-0.041&1.559&0.612\\
9&0.000&-0.041&1.559&0.612\\
10&0.000&-0.041&1.559&0.612\\
10&0.000&-0.041&1.559&0.612\\
rho(B): 0.311;convergence velocity:1.167
SOR0.8
k&rk&xk[1]&xk[2]&xk[3]\\
0&0.995&0.000&0.000&0.000\\
1&0.285&0.218&0.995&0.226\\
2&0.132&0.078&1.280&0.404\\
3&0.068&0.013&1.412&0.501\\
4&0.036&-0.014&1.480&0.552\\
5&0.019&-0.027&1.517&0.580\\
6&0.010&-0.034&1.536&0.595\\
7&0.006&-0.037&1.547&0.602\\
8&0.003&-0.039&1.552&0.607\\
9&0.002&-0.040&1.555&0.609\\
10&0.001&-0.041&1.557&0.610\\
11&0.000&-0.041&1.558&0.611\\
12&0.000&-0.041&1.558&0.611\\
13&0.000&-0.041&1.559&0.612\\
14&0.000&-0.041&1.559&0.612\\
15&0.000&-0.041&1.559&0.612\\
16&0.000&-0.041&1.559&0.612\\
17&0.000&-0.041&1.559&0.612\\
18&0.000&-0.041&1.559&0.612\\
18&0.000&-0.041&1.559&0.612\\
rho(B): 0.538;convergence velocity:0.620
SOR1.0
k&rk&xk[1]&xk[2]&xk[3]\\
0&1.255&0.000&0.000&0.000\\
1&0.220&0.273&1.255&0.453\\
2&0.059&0.013&1.474&0.564\\
3&0.018&-0.027&1.533&0.597\\
4&0.006&-0.037&1.551&0.607\\
5&0.002&-0.040&1.556&0.610\\
6&0.001&-0.041&1.558&0.611\\
7&0.000&-0.041&1.559&0.612\\
8&0.000&-0.041&1.559&0.612\\
9&0.000&-0.041&1.559&0.612\\
10&0.000&-0.041&1.559&0.612\\
10&0.000&-0.041&1.559&0.612\\
rho(B): 0.311;convergence velocity:1.167
SOR1.2
k&rk&xk[1]&xk[2]&xk[3]\\
0&1.519&0.000&0.000&0.000\\
1&0.141&0.327&1.519&0.750\\
2&0.013&-0.071&1.659&0.656\\
3&0.017&-0.058&1.567&0.607\\
4&0.004&-0.041&1.554&0.609\\
5&0.001&-0.040&1.558&0.612\\
6&-0.000&-0.041&1.559&0.612\\
7&0.000&-0.041&1.559&0.612\\
8&0.000&-0.041&1.559&0.612\\
9&0.000&-0.041&1.559&0.612\\
9&0.000&-0.041&1.559&0.612\\
rho(B): 0.245;convergence velocity:1.408
SOR1.4
k&rk&xk[1]&xk[2]&xk[3]\\
0&1.787&0.000&0.000&0.000\\
1&0.073&0.382&1.787&1.120\\
2&0.074&-0.168&1.859&0.655\\
3&0.121&-0.094&1.460&0.499\\
4&0.074&-0.011&1.512&0.620\\
5&-0.016&-0.033&1.587&0.634\\
6&0.008&-0.049&1.564&0.606\\
7&0.007&-0.041&1.552&0.608\\
8&0.001&-0.040&1.559&0.613\\
9&-0.000&-0.041&1.560&0.612\\
10&0.000&-0.041&1.559&0.611\\
11&0.000&-0.041&1.559&0.612\\
12&-0.000&-0.041&1.559&0.612\\
13&0.000&-0.041&1.559&0.612\\
14&0.000&-0.041&1.559&0.612\\
15&0.000&-0.041&1.559&0.612\\
16&-0.000&-0.041&1.559&0.612\\
16&-0.000&-0.041&1.559&0.612\\
rho(B): 0.458;convergence velocity:0.781
SOR1.6
k&rk&xk[1]&xk[2]&xk[3]\\
0&2.060&0.000&0.000&0.000\\
1&0.041&0.436&2.060&1.565\\
2&0.109&-0.269&2.101&0.549\\
3&0.582&-0.159&1.136&0.202\\
4&0.322&0.095&1.463&0.784\\
5&-0.078&-0.031&1.785&0.739\\
6&0.109&-0.109&1.523&0.488\\
7&0.139&-0.021&1.468&0.598\\
8&-0.024&-0.018&1.607&0.673\\
9&0.013&-0.058&1.583&0.597\\
10&0.037&-0.046&1.528&0.589\\
11&0.014&-0.032&1.559&0.627\\
12&-0.003&-0.042&1.573&0.617\\
13&0.009&-0.045&1.554&0.603\\
14&0.009&-0.039&1.554&0.612\\
15&-0.002&-0.040&1.563&0.615\\
16&0.001&-0.042&1.560&0.610\\
17&0.002&-0.041&1.557&0.611\\
18&0.000&-0.041&1.559&0.613\\
19&-0.000&-0.041&1.560&0.612\\
20&0.001&-0.041&1.558&0.611\\
21&0.000&-0.041&1.559&0.612\\
22&-0.000&-0.041&1.559&0.612\\
23&0.000&-0.041&1.559&0.612\\
24&0.000&-0.041&1.559&0.612\\
25&-0.000&-0.041&1.559&0.612\\
25&-0.000&-0.041&1.559&0.612\\
rho(B): 0.675;convergence velocity:0.393
SOR1.1
k&rk&xk[1]&xk[2]&xk[3]\\
0&1.346&0.000&0.000&0.000\\
1&0.192&0.292&1.346&0.549\\
2&0.018&-0.015&1.539&0.606\\
3&0.002&-0.038&1.557&0.611\\
4&0.000&-0.041&1.559&0.612\\
5&0.000&-0.041&1.559&0.612\\
6&0.000&-0.041&1.559&0.612\\
6&0.000&-0.041&1.559&0.612\\
rho(B): 0.118;convergence velocity:2.133
