begin CG
(100,)
()
(100,)
()
(100,)
()
(100,)
()
(100,)
()
(100,)
()
(100,)
()
(100,)
()
(100,)
()
(100,)
()
(100,)
()
(100,)
()
(100,)
()
(100,)
()
(100,)
()
(100,)
()
(100,)
()
(100,)
()
(100,)
()
(100,)
()
(100,)
()
(100,)
()
(100,)
()
(100,)
()
(100,)
()
(100,)
()
(100,)
()
(100,)
()
(100,)
()
(100,)
()
[1.6045945005221025, 0.20169579105522828, 0.10824599731093698, 0.052102269046464755, 0.026129331136620193, 0.014595697280273878, 0.007358039994089793, 0.003151748236016827, 0.0015376631204173652, 0.0009296458854937129, 0.0004908823709759425, 0.00023817160504902013, 0.0001437720036754353, 9.705574886820223e-05, 5.5065018070177274e-05]
consume cpu time is 0.006994962692260742
finish CG
