Namespace(element='graphite', opt='../data/graphite/spec.png', peak=None, spectrum='../data/graphite/spec.txt', stdpeak='../data/graphite/PDF#00-023-0064.txt')
[(26.54, 100.       ) (44.16,   2.1559925) (44.36,   2.3715916)
 (44.56,   2.6252377) (54.52,   4.502219 ) (54.6 ,   4.502219 )]
sin theta ^2
[26.54 44.16 44.36 44.56 54.52 54.6 ]
[0.05268869 0.14130144 0.14251952 0.14374198 0.20979065 0.21035938]
0     0.052556
1     0.130784
2     0.143987
3     0.183134
4     0.210729
5     0.248897
6     0.390928
7     0.442479
8     0.458170
9     0.473022
10    0.534112
11    0.600539
12    0.838926
13    0.863389
14    0.924804
Name: 2theta, dtype: float64
0     100.0
1      10.0
2      50.0
3       5.0
4      80.0
5      10.0
6      30.0
7      50.0
8       5.0
9      20.0
10      5.0
11     40.0
12     10.0
13     40.0
14      5.0
Name: heightPercent, dtype: float64
